AH00558: apache2: Could not reliably determine the server's fully qualified domain name, using 172.18.0.5. Set the 'ServerName' directive globally to suppress this message
[Fri Apr 21 15:28:07.199608 2023] [mpm_prefork:notice] [pid 1] AH00163: Apache/2.4.38 (Debian) PHP/8.1.18 OpenSSL/1.1.1n configured -- resuming normal operations
[Fri Apr 21 15:28:07.201316 2023] [core:notice] [pid 1] AH00094: Command line: 'apache2 -D FOREGROUND'
[Fri Apr 21 15:28:31.202589 2023] [autoindex:error] [pid 17] [client 172.18.0.1:33844] AH01276: Cannot serve directory /var/www/html/: No matching DirectoryIndex (index.php,index.html) found, and server-generated directory index forbidden by Options directive
[Fri Apr 21 15:33:18.197952 2023] [autoindex:error] [pid 21] [client 172.18.0.1:33888] AH01276: Cannot serve directory /var/www/html/: No matching DirectoryIndex (index.php,index.html) found, and server-generated directory index forbidden by Options directive
[Fri Apr 21 15:33:44.040228 2023] [autoindex:error] [pid 22] [client 172.18.0.1:33892] AH01276: Cannot serve directory /var/www/html/: No matching DirectoryIndex (index.php,index.html) found, and server-generated directory index forbidden by Options directive
[Fri Apr 21 17:13:55.114943 2023] [mpm_prefork:notice] [pid 1] AH00170: caught SIGWINCH, shutting down gracefully
AH00112: Warning: DocumentRoot [/var/www/html/frontend/web] does not exist
AH00112: Warning: DocumentRoot [/var/www/html/backend/web] does not exist
AH00558: apache2: Could not reliably determine the server's fully qualified domain name, using 172.18.0.5. Set the 'ServerName' directive globally to suppress this message
[Sat Apr 22 05:16:53.706539 2023] [mpm_prefork:notice] [pid 1] AH00163: Apache/2.4.38 (Debian) PHP/8.1.18 OpenSSL/1.1.1n configured -- resuming normal operations
[Sat Apr 22 05:16:53.707136 2023] [core:notice] [pid 1] AH00094: Command line: 'apache2 -D FOREGROUND'
[Sat Apr 22 05:20:52.667561 2023] [mpm_prefork:notice] [pid 1] AH00170: caught SIGWINCH, shutting down gracefully
AH00112: Warning: DocumentRoot [/var/www/html/frontend/web] does not exist
AH00112: Warning: DocumentRoot [/var/www/html/backend/web] does not exist
AH00558: apache2: Could not reliably determine the server's fully qualified domain name, using 172.19.0.5. Set the 'ServerName' directive globally to suppress this message
[Sat Apr 22 05:21:09.873979 2023] [mpm_prefork:notice] [pid 1] AH00163: Apache/2.4.38 (Debian) PHP/8.1.18 OpenSSL/1.1.1n configured -- resuming normal operations
[Sat Apr 22 05:21:09.878109 2023] [core:notice] [pid 1] AH00094: Command line: 'apache2 -D FOREGROUND'
[Sat Apr 22 05:31:37.229764 2023] [mpm_prefork:notice] [pid 1] AH00170: caught SIGWINCH, shutting down gracefully
AH00112: Warning: DocumentRoot [/var/www/html/frontend/web] does not exist
AH00112: Warning: DocumentRoot [/var/www/html/backend/web] does not exist
AH00558: apache2: Could not reliably determine the server's fully qualified domain name, using 172.19.0.5. Set the 'ServerName' directive globally to suppress this message
[Sat Apr 22 05:31:39.911653 2023] [mpm_prefork:notice] [pid 1] AH00163: Apache/2.4.38 (Debian) PHP/8.1.18 OpenSSL/1.1.1n configured -- resuming normal operations
[Sat Apr 22 05:31:39.912124 2023] [core:notice] [pid 1] AH00094: Command line: 'apache2 -D FOREGROUND'
